{"level":"INFO","time":"2024-11-25T17:41:45.825+0800","caller":"utils/init.go:133","msg":"init logger success"}
{"level":"INFO","time":"2024-11-25T17:41:45.829+0800","caller":"utils/init.go:36","msg":"初始化logger成功"}
{"level":"INFO","time":"2024-11-25T17:41:46.245+0800","caller":"utils/init.go:42","msg":"初始化mysql成功"}
{"level":"INFO","time":"2024-11-25T18:15:32.547+0800","caller":"utils/init.go:133","msg":"init logger success"}
{"level":"INFO","time":"2024-11-25T18:15:32.551+0800","caller":"utils/init.go:36","msg":"初始化logger成功"}
{"level":"INFO","time":"2024-11-25T18:15:32.953+0800","caller":"utils/init.go:42","msg":"初始化mysql成功"}
{"level":"INFO","time":"2024-11-25T18:48:22.747+0800","caller":"utils/init.go:133","msg":"init logger success"}
{"level":"INFO","time":"2024-11-25T18:48:22.751+0800","caller":"utils/init.go:36","msg":"初始化logger成功"}
{"level":"INFO","time":"2024-11-25T18:48:23.246+0800","caller":"utils/init.go:42","msg":"初始化mysql成功"}
{"level":"INFO","time":"2024-11-25T18:51:42.379+0800","caller":"utils/init.go:133","msg":"init logger success"}
{"level":"INFO","time":"2024-11-25T18:51:42.384+0800","caller":"utils/init.go:36","msg":"初始化logger成功"}
{"level":"INFO","time":"2024-11-25T18:51:42.798+0800","caller":"utils/init.go:42","msg":"初始化mysql成功"}
{"level":"INFO","time":"2024-11-25T18:59:43.789+0800","caller":"utils/init.go:135","msg":"init logger success"}
{"level":"INFO","time":"2024-11-25T18:59:43.794+0800","caller":"utils/init.go:38","msg":"初始化logger成功"}
{"level":"INFO","time":"2024-11-25T18:59:44.203+0800","caller":"utils/init.go:43","msg":"初始化mysql成功"}
{"level":"INFO","time":"2024-11-25T19:10:41.548+0800","caller":"utils/init.go:135","msg":"init logger success"}
{"level":"INFO","time":"2024-11-25T19:10:41.553+0800","caller":"utils/init.go:38","msg":"初始化logger成功"}
{"level":"INFO","time":"2024-11-25T19:10:41.985+0800","caller":"utils/init.go:43","msg":"初始化mysql成功"}
{"level":"INFO","time":"2024-11-25T19:11:30.863+0800","caller":"utils/init.go:135","msg":"init logger success"}
{"level":"INFO","time":"2024-11-25T19:11:30.867+0800","caller":"utils/init.go:38","msg":"初始化logger成功"}
{"level":"INFO","time":"2024-11-25T19:11:31.268+0800","caller":"utils/init.go:43","msg":"初始化mysql成功"}
{"level":"INFO","time":"2024-11-25T19:12:09.838+0800","caller":"utils/init.go:135","msg":"init logger success"}
{"level":"INFO","time":"2024-11-25T19:12:09.845+0800","caller":"utils/init.go:38","msg":"初始化logger成功"}
{"level":"INFO","time":"2024-11-25T19:12:10.278+0800","caller":"utils/init.go:43","msg":"初始化mysql成功"}
{"level":"INFO","time":"2024-11-25T19:13:22.115+0800","caller":"utils/init.go:135","msg":"init logger success"}
{"level":"INFO","time":"2024-11-25T19:13:22.121+0800","caller":"utils/init.go:38","msg":"初始化logger成功"}
{"level":"INFO","time":"2024-11-25T19:13:22.539+0800","caller":"utils/init.go:43","msg":"初始化mysql成功"}
{"level":"INFO","time":"2024-11-25T19:13:34.507+0800","caller":"utils/init.go:135","msg":"init logger success"}
{"level":"INFO","time":"2024-11-25T19:13:34.512+0800","caller":"utils/init.go:38","msg":"初始化logger成功"}
{"level":"INFO","time":"2024-11-25T19:13:34.987+0800","caller":"utils/init.go:43","msg":"初始化mysql成功"}
{"level":"INFO","time":"2024-11-25T19:13:54.472+0800","caller":"utils/init.go:135","msg":"init logger success"}
{"level":"INFO","time":"2024-11-25T19:13:54.478+0800","caller":"utils/init.go:38","msg":"初始化logger成功"}
{"level":"INFO","time":"2024-11-25T19:13:54.866+0800","caller":"utils/init.go:43","msg":"初始化mysql成功"}
{"level":"INFO","time":"2024-11-25T19:17:19.860+0800","caller":"utils/init.go:135","msg":"init logger success"}
{"level":"INFO","time":"2024-11-25T19:17:19.864+0800","caller":"utils/init.go:38","msg":"初始化logger成功"}
{"level":"INFO","time":"2024-11-25T19:17:20.315+0800","caller":"utils/init.go:43","msg":"初始化mysql成功"}
{"level":"INFO","time":"2024-11-25T19:17:54.700+0800","caller":"utils/init.go:135","msg":"init logger success"}
{"level":"INFO","time":"2024-11-25T19:17:54.705+0800","caller":"utils/init.go:38","msg":"初始化logger成功"}
{"level":"INFO","time":"2024-11-25T19:17:55.130+0800","caller":"utils/init.go:43","msg":"初始化mysql成功"}
{"level":"INFO","time":"2024-11-25T19:19:05.454+0800","caller":"utils/init.go:135","msg":"init logger success"}
{"level":"INFO","time":"2024-11-25T19:19:05.458+0800","caller":"utils/init.go:38","msg":"初始化logger成功"}
{"level":"INFO","time":"2024-11-25T19:19:05.895+0800","caller":"utils/init.go:43","msg":"初始化mysql成功"}
{"level":"INFO","time":"2024-11-25T19:21:32.213+0800","caller":"utils/init.go:135","msg":"init logger success"}
{"level":"INFO","time":"2024-11-25T19:21:32.218+0800","caller":"utils/init.go:38","msg":"初始化logger成功"}
{"level":"INFO","time":"2024-11-25T19:21:32.664+0800","caller":"utils/init.go:43","msg":"初始化mysql成功"}
{"level":"INFO","time":"2024-11-25T19:21:53.345+0800","caller":"utils/init.go:135","msg":"init logger success"}
{"level":"INFO","time":"2024-11-25T19:21:53.349+0800","caller":"utils/init.go:38","msg":"初始化logger成功"}
{"level":"INFO","time":"2024-11-25T19:21:53.763+0800","caller":"utils/init.go:43","msg":"初始化mysql成功"}
{"level":"INFO","time":"2024-11-25T19:22:31.617+0800","caller":"utils/init.go:135","msg":"init logger success"}
{"level":"INFO","time":"2024-11-25T19:22:31.622+0800","caller":"utils/init.go:38","msg":"初始化logger成功"}
{"level":"INFO","time":"2024-11-25T19:22:32.019+0800","caller":"utils/init.go:43","msg":"初始化mysql成功"}
{"level":"INFO","time":"2024-11-25T19:28:16.175+0800","caller":"utils/init.go:135","msg":"init logger success"}
{"level":"INFO","time":"2024-11-25T19:28:16.179+0800","caller":"utils/init.go:38","msg":"初始化logger成功"}
{"level":"INFO","time":"2024-11-25T19:28:16.564+0800","caller":"utils/init.go:43","msg":"初始化mysql成功"}
{"level":"INFO","time":"2024-11-27T19:21:15.226+0800","caller":"utils/init.go:139","msg":"init logger success"}
{"level":"INFO","time":"2024-11-27T19:21:15.233+0800","caller":"utils/init.go:38","msg":"初始化logger成功"}
{"level":"INFO","time":"2024-11-27T19:21:15.600+0800","caller":"utils/init.go:43","msg":"初始化mysql成功"}
{"level":"INFO","time":"2024-11-27T19:21:50.835+0800","caller":"utils/init.go:139","msg":"init logger success"}
{"level":"INFO","time":"2024-11-27T19:21:50.839+0800","caller":"utils/init.go:38","msg":"初始化logger成功"}
{"level":"INFO","time":"2024-11-27T19:21:51.287+0800","caller":"utils/init.go:43","msg":"初始化mysql成功"}
{"level":"INFO","time":"2024-11-27T19:24:08.778+0800","caller":"utils/init.go:139","msg":"init logger success"}
{"level":"INFO","time":"2024-11-27T19:24:08.784+0800","caller":"utils/init.go:38","msg":"初始化logger成功"}
{"level":"INFO","time":"2024-11-27T19:24:09.220+0800","caller":"utils/init.go:43","msg":"初始化mysql成功"}
{"level":"INFO","time":"2024-11-27T19:24:40.484+0800","caller":"utils/init.go:139","msg":"init logger success"}
{"level":"INFO","time":"2024-11-27T19:24:40.490+0800","caller":"utils/init.go:38","msg":"初始化logger成功"}
{"level":"INFO","time":"2024-11-27T19:24:40.918+0800","caller":"utils/init.go:43","msg":"初始化mysql成功"}
{"level":"INFO","time":"2024-11-27T19:47:34.727+0800","caller":"utils/init.go:140","msg":"init logger success"}
{"level":"INFO","time":"2024-11-27T19:47:34.731+0800","caller":"utils/init.go:38","msg":"初始化logger成功"}
{"level":"INFO","time":"2024-11-27T19:47:35.188+0800","caller":"utils/init.go:43","msg":"初始化mysql成功"}
{"level":"INFO","time":"2024-11-27T20:10:05.001+0800","caller":"utils/init.go:140","msg":"init logger success"}
{"level":"INFO","time":"2024-11-27T20:10:05.006+0800","caller":"utils/init.go:38","msg":"初始化logger成功"}
{"level":"INFO","time":"2024-11-27T20:10:05.480+0800","caller":"utils/init.go:43","msg":"初始化mysql成功"}
{"level":"INFO","time":"2024-11-27T20:10:30.744+0800","caller":"utils/init.go:140","msg":"init logger success"}
{"level":"INFO","time":"2024-11-27T20:10:30.749+0800","caller":"utils/init.go:38","msg":"初始化logger成功"}
{"level":"INFO","time":"2024-11-27T20:10:31.148+0800","caller":"utils/init.go:43","msg":"初始化mysql成功"}
{"level":"INFO","time":"2024-11-27T20:14:09.517+0800","caller":"utils/init.go:140","msg":"init logger success"}
{"level":"INFO","time":"2024-11-27T20:14:09.521+0800","caller":"utils/init.go:38","msg":"初始化logger成功"}
{"level":"INFO","time":"2024-11-27T20:14:09.946+0800","caller":"utils/init.go:43","msg":"初始化mysql成功"}
{"level":"INFO","time":"2024-11-27T21:11:14.069+0800","caller":"utils/init.go:141","msg":"init logger success"}
{"level":"INFO","time":"2024-11-27T21:11:14.074+0800","caller":"utils/init.go:38","msg":"初始化logger成功"}
{"level":"INFO","time":"2024-11-27T21:11:14.521+0800","caller":"utils/init.go:43","msg":"初始化mysql成功"}
{"level":"INFO","time":"2024-11-27T21:16:54.868+0800","caller":"utils/init.go:141","msg":"init logger success"}
{"level":"INFO","time":"2024-11-27T21:16:54.872+0800","caller":"utils/init.go:38","msg":"初始化logger成功"}
{"level":"INFO","time":"2024-11-27T21:16:55.286+0800","caller":"utils/init.go:43","msg":"初始化mysql成功"}
{"level":"INFO","time":"2024-11-27T21:17:25.732+0800","caller":"utils/init.go:141","msg":"init logger success"}
{"level":"INFO","time":"2024-11-27T21:17:25.736+0800","caller":"utils/init.go:38","msg":"初始化logger成功"}
{"level":"INFO","time":"2024-11-27T21:17:26.175+0800","caller":"utils/init.go:43","msg":"初始化mysql成功"}
{"level":"INFO","time":"2024-11-28T15:43:32.145+0800","caller":"utils/init.go:143","msg":"init logger success"}
{"level":"INFO","time":"2024-11-28T15:43:32.149+0800","caller":"utils/init.go:38","msg":"初始化logger成功"}
{"level":"INFO","time":"2024-11-28T15:43:32.599+0800","caller":"utils/init.go:43","msg":"初始化mysql成功"}
{"level":"INFO","time":"2024-11-28T18:31:00.749+0800","caller":"utils/init.go:143","msg":"init logger success"}
{"level":"INFO","time":"2024-11-28T18:31:00.753+0800","caller":"utils/init.go:38","msg":"初始化logger成功"}
{"level":"INFO","time":"2024-11-28T18:31:01.191+0800","caller":"utils/init.go:43","msg":"初始化mysql成功"}
{"level":"INFO","time":"2024-12-02T14:17:33.716+0800","caller":"utils/init.go:149","msg":"init logger success"}
{"level":"INFO","time":"2024-12-02T14:17:33.721+0800","caller":"utils/init.go:40","msg":"初始化logger成功"}
{"level":"INFO","time":"2024-12-02T14:17:34.119+0800","caller":"utils/init.go:45","msg":"初始化mysql成功"}
{"level":"INFO","time":"2024-12-02T15:00:25.024+0800","caller":"utils/init.go:149","msg":"init logger success"}
{"level":"INFO","time":"2024-12-02T15:00:25.029+0800","caller":"utils/init.go:40","msg":"初始化logger成功"}
{"level":"INFO","time":"2024-12-02T15:00:25.476+0800","caller":"utils/init.go:45","msg":"初始化mysql成功"}
{"level":"INFO","time":"2024-12-02T15:27:33.807+0800","caller":"utils/init.go:149","msg":"init logger success"}
{"level":"INFO","time":"2024-12-02T15:27:33.811+0800","caller":"utils/init.go:40","msg":"初始化logger成功"}
{"level":"INFO","time":"2024-12-02T15:27:34.244+0800","caller":"utils/init.go:45","msg":"初始化mysql成功"}
{"level":"INFO","time":"2024-12-02T15:33:27.101+0800","caller":"utils/init.go:149","msg":"init logger success"}
{"level":"INFO","time":"2024-12-02T15:33:27.106+0800","caller":"utils/init.go:40","msg":"初始化logger成功"}
{"level":"INFO","time":"2024-12-02T15:33:27.577+0800","caller":"utils/init.go:45","msg":"初始化mysql成功"}
{"level":"INFO","time":"2024-12-02T15:41:02.692+0800","caller":"utils/init.go:149","msg":"init logger success"}
{"level":"INFO","time":"2024-12-02T15:41:02.696+0800","caller":"utils/init.go:40","msg":"初始化logger成功"}
{"level":"INFO","time":"2024-12-02T15:41:03.079+0800","caller":"utils/init.go:45","msg":"初始化mysql成功"}
{"level":"INFO","time":"2024-12-02T15:42:59.804+0800","caller":"utils/init.go:149","msg":"init logger success"}
{"level":"INFO","time":"2024-12-02T15:42:59.809+0800","caller":"utils/init.go:40","msg":"初始化logger成功"}
{"level":"INFO","time":"2024-12-02T15:43:00.268+0800","caller":"utils/init.go:45","msg":"初始化mysql成功"}
{"level":"ERROR","time":"2024-12-02T15:43:08.231+0800","caller":"controller/checkerboard.go:96","msg":"用户id在上下文中未找到"}
{"level":"INFO","time":"2024-12-02T15:44:23.676+0800","caller":"utils/init.go:149","msg":"init logger success"}
{"level":"INFO","time":"2024-12-02T15:44:23.680+0800","caller":"utils/init.go:40","msg":"初始化logger成功"}
{"level":"INFO","time":"2024-12-02T15:44:24.084+0800","caller":"utils/init.go:45","msg":"初始化mysql成功"}
{"level":"INFO","time":"2024-12-02T15:44:48.820+0800","caller":"utils/init.go:149","msg":"init logger success"}
{"level":"INFO","time":"2024-12-02T15:44:48.824+0800","caller":"utils/init.go:40","msg":"初始化logger成功"}
{"level":"INFO","time":"2024-12-02T15:44:49.213+0800","caller":"utils/init.go:45","msg":"初始化mysql成功"}
{"level":"ERROR","time":"2024-12-02T15:45:02.576+0800","caller":"controller/checkerboard.go:96","msg":"用户id在上下文中未找到"}
{"level":"ERROR","time":"2024-12-02T15:45:04.804+0800","caller":"controller/checkerboard.go:96","msg":"用户id在上下文中未找到"}
{"level":"INFO","time":"2024-12-02T15:45:31.639+0800","caller":"utils/init.go:149","msg":"init logger success"}
{"level":"INFO","time":"2024-12-02T15:45:31.643+0800","caller":"utils/init.go:40","msg":"初始化logger成功"}
{"level":"INFO","time":"2024-12-02T15:45:32.044+0800","caller":"utils/init.go:45","msg":"初始化mysql成功"}
{"level":"ERROR","time":"2024-12-02T15:45:40.439+0800","caller":"controller/checkerboard.go:103","msg":"模块id为空不展示数据"}
{"level":"INFO","time":"2024-12-02T15:46:15.307+0800","caller":"utils/init.go:149","msg":"init logger success"}
{"level":"INFO","time":"2024-12-02T15:46:15.311+0800","caller":"utils/init.go:40","msg":"初始化logger成功"}
{"level":"INFO","time":"2024-12-02T15:46:15.751+0800","caller":"utils/init.go:45","msg":"初始化mysql成功"}
{"level":"ERROR","time":"2024-12-02T15:46:23.913+0800","caller":"controller/checkerboard.go:105","msg":"模块id为空不展示数据"}
{"level":"INFO","time":"2024-12-02T15:47:15.559+0800","caller":"utils/init.go:149","msg":"init logger success"}
{"level":"INFO","time":"2024-12-02T15:47:15.563+0800","caller":"utils/init.go:40","msg":"初始化logger成功"}
{"level":"INFO","time":"2024-12-02T15:47:16.007+0800","caller":"utils/init.go:45","msg":"初始化mysql成功"}
{"level":"INFO","time":"2024-12-02T17:17:01.709+0800","caller":"utils/init.go:149","msg":"init logger success"}
{"level":"INFO","time":"2024-12-02T17:17:01.713+0800","caller":"utils/init.go:40","msg":"初始化logger成功"}
{"level":"INFO","time":"2024-12-02T17:17:02.166+0800","caller":"utils/init.go:45","msg":"初始化mysql成功"}
{"level":"INFO","time":"2024-12-02T17:18:21.313+0800","caller":"utils/init.go:149","msg":"init logger success"}
{"level":"INFO","time":"2024-12-02T17:18:21.317+0800","caller":"utils/init.go:40","msg":"初始化logger成功"}
{"level":"INFO","time":"2024-12-02T17:18:21.735+0800","caller":"utils/init.go:45","msg":"初始化mysql成功"}
{"level":"INFO","time":"2024-12-02T17:18:57.507+0800","caller":"utils/init.go:149","msg":"init logger success"}
{"level":"INFO","time":"2024-12-02T17:18:57.512+0800","caller":"utils/init.go:40","msg":"初始化logger成功"}
{"level":"INFO","time":"2024-12-02T17:18:57.982+0800","caller":"utils/init.go:45","msg":"初始化mysql成功"}
{"level":"INFO","time":"2024-12-02T17:24:38.291+0800","caller":"utils/init.go:149","msg":"init logger success"}
{"level":"INFO","time":"2024-12-02T17:24:38.295+0800","caller":"utils/init.go:40","msg":"初始化logger成功"}
{"level":"INFO","time":"2024-12-02T17:24:38.684+0800","caller":"utils/init.go:45","msg":"初始化mysql成功"}
{"level":"INFO","time":"2024-12-02T17:32:44.403+0800","caller":"utils/init.go:149","msg":"init logger success"}
{"level":"INFO","time":"2024-12-02T17:32:44.408+0800","caller":"utils/init.go:40","msg":"初始化logger成功"}
{"level":"INFO","time":"2024-12-02T17:32:44.824+0800","caller":"utils/init.go:45","msg":"初始化mysql成功"}
{"level":"INFO","time":"2024-12-02T17:41:20.404+0800","caller":"utils/init.go:149","msg":"init logger success"}
{"level":"INFO","time":"2024-12-02T17:41:20.408+0800","caller":"utils/init.go:40","msg":"初始化logger成功"}
{"level":"INFO","time":"2024-12-02T17:41:20.863+0800","caller":"utils/init.go:45","msg":"初始化mysql成功"}
{"level":"INFO","time":"2024-12-02T18:31:44.748+0800","caller":"utils/init.go:149","msg":"init logger success"}
{"level":"INFO","time":"2024-12-02T18:31:44.752+0800","caller":"utils/init.go:40","msg":"初始化logger成功"}
{"level":"INFO","time":"2024-12-02T18:31:45.205+0800","caller":"utils/init.go:45","msg":"初始化mysql成功"}
{"level":"INFO","time":"2024-12-02T18:33:06.459+0800","caller":"utils/init.go:149","msg":"init logger success"}
{"level":"INFO","time":"2024-12-02T18:33:06.463+0800","caller":"utils/init.go:40","msg":"初始化logger成功"}
{"level":"INFO","time":"2024-12-02T18:33:06.917+0800","caller":"utils/init.go:45","msg":"初始化mysql成功"}
{"level":"INFO","time":"2024-12-02T19:01:06.553+0800","caller":"utils/init.go:149","msg":"init logger success"}
{"level":"INFO","time":"2024-12-02T19:01:06.557+0800","caller":"utils/init.go:40","msg":"初始化logger成功"}
{"level":"INFO","time":"2024-12-02T19:01:07.018+0800","caller":"utils/init.go:45","msg":"初始化mysql成功"}
{"level":"INFO","time":"2024-12-02T19:05:51.432+0800","caller":"utils/init.go:149","msg":"init logger success"}
{"level":"INFO","time":"2024-12-02T19:05:51.436+0800","caller":"utils/init.go:40","msg":"初始化logger成功"}
{"level":"INFO","time":"2024-12-02T19:05:51.844+0800","caller":"utils/init.go:45","msg":"初始化mysql成功"}
{"level":"INFO","time":"2024-12-02T19:08:16.785+0800","caller":"utils/init.go:149","msg":"init logger success"}
{"level":"INFO","time":"2024-12-02T19:08:16.789+0800","caller":"utils/init.go:40","msg":"初始化logger成功"}
{"level":"INFO","time":"2024-12-02T19:08:17.252+0800","caller":"utils/init.go:45","msg":"初始化mysql成功"}
{"level":"INFO","time":"2024-12-02T19:12:50.668+0800","caller":"utils/init.go:149","msg":"init logger success"}
{"level":"INFO","time":"2024-12-02T19:12:50.672+0800","caller":"utils/init.go:40","msg":"初始化logger成功"}
{"level":"INFO","time":"2024-12-02T19:12:51.116+0800","caller":"utils/init.go:45","msg":"初始化mysql成功"}
{"level":"INFO","time":"2024-12-02T19:13:29.472+0800","caller":"utils/init.go:149","msg":"init logger success"}
{"level":"INFO","time":"2024-12-02T19:13:29.476+0800","caller":"utils/init.go:40","msg":"初始化logger成功"}
{"level":"INFO","time":"2024-12-02T19:13:29.874+0800","caller":"utils/init.go:45","msg":"初始化mysql成功"}
{"level":"ERROR","time":"2024-12-02T19:19:20.186+0800","caller":"controller/checkerboard.go:28","msg":"参数绑定失败","error":"json: cannot unmarshal string into Go struct field Record.transaction_amount of type int"}
{"level":"INFO","time":"2024-12-02T19:19:55.065+0800","caller":"utils/init.go:149","msg":"init logger success"}
{"level":"INFO","time":"2024-12-02T19:19:55.070+0800","caller":"utils/init.go:40","msg":"初始化logger成功"}
{"level":"INFO","time":"2024-12-02T19:19:55.471+0800","caller":"utils/init.go:45","msg":"初始化mysql成功"}
{"level":"ERROR","time":"2024-12-02T19:20:12.434+0800","caller":"controller/checkerboard.go:65","msg":"用户在格子下单失败","error":"WHERE conditions required"}
{"level":"INFO","time":"2024-12-02T19:20:44.290+0800","caller":"utils/init.go:149","msg":"init logger success"}
{"level":"INFO","time":"2024-12-02T19:20:44.296+0800","caller":"utils/init.go:40","msg":"初始化logger成功"}
{"level":"INFO","time":"2024-12-02T19:20:44.751+0800","caller":"utils/init.go:45","msg":"初始化mysql成功"}
{"level":"ERROR","time":"2024-12-02T19:24:06.438+0800","caller":"controller/checkerboard.go:65","msg":"用户在格子下单失败","error":"WHERE conditions required"}
{"level":"INFO","time":"2024-12-02T19:24:08.910+0800","caller":"utils/init.go:149","msg":"init logger success"}
{"level":"INFO","time":"2024-12-02T19:24:08.915+0800","caller":"utils/init.go:40","msg":"初始化logger成功"}
{"level":"INFO","time":"2024-12-02T19:24:09.357+0800","caller":"utils/init.go:45","msg":"初始化mysql成功"}
{"level":"ERROR","time":"2024-12-02T19:24:36.956+0800","caller":"controller/checkerboard.go:65","msg":"用户在格子下单失败","error":"WHERE conditions required"}
{"level":"INFO","time":"2024-12-02T19:24:50.871+0800","caller":"utils/init.go:149","msg":"init logger success"}
{"level":"INFO","time":"2024-12-02T19:24:50.876+0800","caller":"utils/init.go:40","msg":"初始化logger成功"}
{"level":"INFO","time":"2024-12-02T19:24:51.311+0800","caller":"utils/init.go:45","msg":"初始化mysql成功"}
{"level":"INFO","time":"2024-12-02T19:28:48.173+0800","caller":"utils/init.go:149","msg":"init logger success"}
{"level":"INFO","time":"2024-12-02T19:28:48.178+0800","caller":"utils/init.go:40","msg":"初始化logger成功"}
{"level":"INFO","time":"2024-12-02T19:28:48.594+0800","caller":"utils/init.go:45","msg":"初始化mysql成功"}
{"level":"INFO","time":"2024-12-02T19:33:17.941+0800","caller":"utils/init.go:149","msg":"init logger success"}
{"level":"INFO","time":"2024-12-02T19:33:17.946+0800","caller":"utils/init.go:40","msg":"初始化logger成功"}
{"level":"INFO","time":"2024-12-02T19:33:18.335+0800","caller":"utils/init.go:45","msg":"初始化mysql成功"}
{"level":"INFO","time":"2024-12-02T19:33:51.525+0800","caller":"utils/init.go:149","msg":"init logger success"}
{"level":"INFO","time":"2024-12-02T19:33:51.530+0800","caller":"utils/init.go:40","msg":"初始化logger成功"}
{"level":"INFO","time":"2024-12-02T19:33:51.926+0800","caller":"utils/init.go:45","msg":"初始化mysql成功"}
{"level":"ERROR","time":"2024-12-02T19:35:55.960+0800","caller":"controller/checkerboard.go:46","msg":"用户可用余额不足"}
{"level":"INFO","time":"2024-12-02T19:54:05.205+0800","caller":"utils/init.go:149","msg":"init logger success"}
{"level":"INFO","time":"2024-12-02T19:54:05.211+0800","caller":"utils/init.go:40","msg":"初始化logger成功"}
{"level":"INFO","time":"2024-12-02T19:54:05.647+0800","caller":"utils/init.go:45","msg":"初始化mysql成功"}
{"level":"INFO","time":"2024-12-03T14:11:25.292+0800","caller":"utils/init.go:149","msg":"init logger success"}
{"level":"INFO","time":"2024-12-03T14:11:25.297+0800","caller":"utils/init.go:40","msg":"初始化logger成功"}
{"level":"INFO","time":"2024-12-03T14:11:25.774+0800","caller":"utils/init.go:45","msg":"初始化mysql成功"}
{"level":"ERROR","time":"2024-12-03T14:20:10.788+0800","caller":"controller/checkerboard.go:91","msg":"获取用户交易记录错误","error":"Error 1054 (42S22): Unknown column 'user_id' in 'where clause'"}
{"level":"ERROR","time":"2024-12-03T14:20:11.785+0800","caller":"controller/checkerboard.go:91","msg":"获取用户交易记录错误","error":"Error 1054 (42S22): Unknown column 'user_id' in 'where clause'"}
{"level":"INFO","time":"2024-12-03T14:21:07.228+0800","caller":"utils/init.go:149","msg":"init logger success"}
{"level":"INFO","time":"2024-12-03T14:21:07.234+0800","caller":"utils/init.go:40","msg":"初始化logger成功"}
{"level":"INFO","time":"2024-12-03T14:21:07.675+0800","caller":"utils/init.go:45","msg":"初始化mysql成功"}
{"level":"ERROR","time":"2024-12-03T14:22:13.409+0800","caller":"controller/checkerboard.go:91","msg":"获取用户交易记录错误","error":"Error 1054 (42S22): Unknown column 'user_id' in 'where clause'"}
{"level":"ERROR","time":"2024-12-03T14:22:13.462+0800","caller":"controller/checkerboard.go:91","msg":"获取用户交易记录错误","error":"Error 1054 (42S22): Unknown column 'user_id' in 'where clause'"}
{"level":"INFO","time":"2024-12-03T14:22:15.940+0800","caller":"utils/init.go:149","msg":"init logger success"}
{"level":"INFO","time":"2024-12-03T14:22:15.945+0800","caller":"utils/init.go:40","msg":"初始化logger成功"}
{"level":"INFO","time":"2024-12-03T14:22:16.427+0800","caller":"utils/init.go:45","msg":"初始化mysql成功"}
{"level":"INFO","time":"2024-12-03T15:42:55.160+0800","caller":"utils/init.go:149","msg":"init logger success"}
{"level":"INFO","time":"2024-12-03T15:42:55.166+0800","caller":"utils/init.go:40","msg":"初始化logger成功"}
{"level":"INFO","time":"2024-12-03T15:42:55.602+0800","caller":"utils/init.go:45","msg":"初始化mysql成功"}
{"level":"INFO","time":"2024-12-03T15:46:40.499+0800","caller":"utils/init.go:149","msg":"init logger success"}
{"level":"INFO","time":"2024-12-03T15:46:40.505+0800","caller":"utils/init.go:40","msg":"初始化logger成功"}
{"level":"INFO","time":"2024-12-03T15:46:43.399+0800","caller":"utils/init.go:45","msg":"初始化mysql成功"}
{"level":"INFO","time":"2024-12-03T15:47:39.971+0800","caller":"utils/init.go:149","msg":"init logger success"}
{"level":"INFO","time":"2024-12-03T15:47:39.977+0800","caller":"utils/init.go:40","msg":"初始化logger成功"}
{"level":"INFO","time":"2024-12-03T15:47:40.405+0800","caller":"utils/init.go:45","msg":"初始化mysql成功"}
{"level":"INFO","time":"2024-12-03T15:49:48.167+0800","caller":"utils/init.go:149","msg":"init logger success"}
{"level":"INFO","time":"2024-12-03T15:49:48.173+0800","caller":"utils/init.go:40","msg":"初始化logger成功"}
{"level":"INFO","time":"2024-12-03T15:49:48.671+0800","caller":"utils/init.go:45","msg":"初始化mysql成功"}
{"level":"INFO","time":"2024-12-03T15:53:18.569+0800","caller":"utils/init.go:149","msg":"init logger success"}
{"level":"INFO","time":"2024-12-03T15:53:18.573+0800","caller":"utils/init.go:40","msg":"初始化logger成功"}
{"level":"INFO","time":"2024-12-03T15:53:19.054+0800","caller":"utils/init.go:45","msg":"初始化mysql成功"}
{"level":"INFO","time":"2024-12-03T15:55:56.337+0800","caller":"utils/init.go:149","msg":"init logger success"}
{"level":"INFO","time":"2024-12-03T15:55:56.341+0800","caller":"utils/init.go:40","msg":"初始化logger成功"}
{"level":"INFO","time":"2024-12-03T15:55:56.800+0800","caller":"utils/init.go:45","msg":"初始化mysql成功"}
{"level":"INFO","time":"2024-12-03T16:16:07.872+0800","caller":"utils/init.go:149","msg":"init logger success"}
{"level":"INFO","time":"2024-12-03T16:16:07.876+0800","caller":"utils/init.go:40","msg":"初始化logger成功"}
{"level":"INFO","time":"2024-12-03T16:16:08.276+0800","caller":"utils/init.go:45","msg":"初始化mysql成功"}
{"level":"INFO","time":"2024-12-03T16:29:05.439+0800","caller":"utils/init.go:149","msg":"init logger success"}
{"level":"INFO","time":"2024-12-03T16:29:05.443+0800","caller":"utils/init.go:40","msg":"初始化logger成功"}
{"level":"INFO","time":"2024-12-03T16:29:05.860+0800","caller":"utils/init.go:45","msg":"初始化mysql成功"}
{"level":"INFO","time":"2024-12-03T17:34:07.543+0800","caller":"utils/init.go:149","msg":"init logger success"}
{"level":"INFO","time":"2024-12-03T17:34:07.549+0800","caller":"utils/init.go:40","msg":"初始化logger成功"}
{"level":"INFO","time":"2024-12-03T17:34:07.965+0800","caller":"utils/init.go:45","msg":"初始化mysql成功"}
{"level":"INFO","time":"2024-12-03T17:35:16.716+0800","caller":"utils/init.go:149","msg":"init logger success"}
{"level":"INFO","time":"2024-12-03T17:35:16.721+0800","caller":"utils/init.go:40","msg":"初始化logger成功"}
{"level":"INFO","time":"2024-12-03T17:35:17.151+0800","caller":"utils/init.go:45","msg":"初始化mysql成功"}
{"level":"ERROR","time":"2024-12-03T17:35:52.076+0800","caller":"controller/user.go:67","msg":"查询用户信息失败:","error":"commands out of sync. Did you run multiple statements at once?"}
{"level":"INFO","time":"2024-12-03T17:35:55.156+0800","caller":"utils/init.go:149","msg":"init logger success"}
{"level":"INFO","time":"2024-12-03T17:35:55.160+0800","caller":"utils/init.go:40","msg":"初始化logger成功"}
{"level":"INFO","time":"2024-12-03T17:35:55.578+0800","caller":"utils/init.go:45","msg":"初始化mysql成功"}
{"level":"INFO","time":"2024-12-03T17:39:15.322+0800","caller":"utils/init.go:149","msg":"init logger success"}
{"level":"INFO","time":"2024-12-03T17:39:15.327+0800","caller":"utils/init.go:40","msg":"初始化logger成功"}
{"level":"INFO","time":"2024-12-03T17:39:15.748+0800","caller":"utils/init.go:45","msg":"初始化mysql成功"}
{"level":"INFO","time":"2024-12-03T18:36:22.323+0800","caller":"utils/init.go:149","msg":"init logger success"}
{"level":"INFO","time":"2024-12-03T18:36:22.327+0800","caller":"utils/init.go:40","msg":"初始化logger成功"}
{"level":"INFO","time":"2024-12-03T18:36:22.808+0800","caller":"utils/init.go:45","msg":"初始化mysql成功"}
{"level":"INFO","time":"2024-12-03T19:05:23.873+0800","caller":"utils/init.go:149","msg":"init logger success"}
{"level":"INFO","time":"2024-12-03T19:05:23.878+0800","caller":"utils/init.go:40","msg":"初始化logger成功"}
{"level":"INFO","time":"2024-12-03T19:05:24.282+0800","caller":"utils/init.go:45","msg":"初始化mysql成功"}
{"level":"INFO","time":"2024-12-03T19:22:22.425+0800","caller":"utils/init.go:149","msg":"init logger success"}
{"level":"INFO","time":"2024-12-03T19:22:22.430+0800","caller":"utils/init.go:40","msg":"初始化logger成功"}
{"level":"INFO","time":"2024-12-03T19:22:22.820+0800","caller":"utils/init.go:45","msg":"初始化mysql成功"}
